mobile/modules/herdr-ssh/android/build/intermediates/manifest_merge_blame_file/debug/processDebugManifest/manifest-merger-blame-debug-report.txt
1<?xml version="1.0" encoding="utf-8"?>
2<manifest xmlns:android="http://schemas.android.com/apk/res/android"
3    package="dev.herdr.ssh" >
4
5    <uses-sdk android:minSdkVersion="24" />
6    <!--
7       Not from orca. The module dials a TCP socket; without this the app-level manifest merge is
8       the only thing granting it, and an Expo app that never made an HTTP request would not have.
9    -->
10    <uses-permission android:name="android.permission.INTERNET" />
10-->src/main/AndroidManifest.xml:4:3-65
10-->src/main/AndroidManifest.xml:4:20-62
11
12</manifest>